<?xml version="1.0" encoding="UTF-8"?>
<!-- Generated by org.testng.reporters.JUnitXMLReporter -->
<testsuite ignored="0" hostname="YogeshM-PC" failures="0" tests="4" name="Test" time="0.11" errors="0" timestamp="2020-04-28T01:17:02 IST">
  <testcase classname="qaclickacademy.SeleniunTest" name="BrowserAutomation" time="0.01"/>
  <testcase classname="qaclickacademy.SeleniunTest" name="elementsUi" time="0.0"/>
  <testcase classname="qaclickacademy.AppiumTest" name="IOSApps" time="0.0"/>
  <testcase classname="qaclickacademy.AppiumTest" name="NativeAppAndroid" time="0.0"/>
</testsuite> <!-- Test -->
