<?xml version="1.0" encoding="UTF-8"?>
<testng-results ignored="0" total="4" passed="4" failed="0" skipped="0">
  <reporter-output>
  </reporter-output>
  <suite started-at="2020-04-28T01:17:02 IST" name="Suite" finished-at="2020-04-28T01:17:02 IST" duration-ms="110">
    <groups>
    </groups>
    <test started-at="2020-04-28T01:17:02 IST" name="Test" finished-at="2020-04-28T01:17:02 IST" duration-ms="110">
      <class name="qaclickacademy.AppiumTest">
        <test-method signature="NativeAppAndroid()[pri:0, instance:qaclickacademy.AppiumTest@25a65b77]" started-at="2020-04-28T01:17:02 IST" name="NativeAppAndroid" finished-at="2020-04-28T01:17:02 IST" duration-ms="0" status="PASS">
          <reporter-output>
          </reporter-output>
        </test-method> <!-- NativeAppAndroid -->
        <test-method signature="IOSApps()[pri:0, instance:qaclickacademy.AppiumTest@25a65b77]" started-at="2020-04-28T01:17:02 IST" name="IOSApps" finished-at="2020-04-28T01:17:02 IST" duration-ms="0" status="PASS">
          <reporter-output>
          </reporter-output>
        </test-method> <!-- IOSApps -->
      </class> <!-- qaclickacademy.AppiumTest -->
      <class name="qaclickacademy.SeleniunTest">
        <test-method signature="BrowserAutomation()[pri:0, instance:qaclickacademy.SeleniunTest@240237d2]" started-at="2020-04-28T01:17:02 IST" name="BrowserAutomation" finished-at="2020-04-28T01:17:02 IST" duration-ms="10" status="PASS">
          <reporter-output>
          </reporter-output>
        </test-method> <!-- BrowserAutomation -->
        <test-method signature="elementsUi()[pri:0, instance:qaclickacademy.SeleniunTest@240237d2]" started-at="2020-04-28T01:17:02 IST" name="elementsUi" finished-at="2020-04-28T01:17:02 IST" duration-ms="0" status="PASS">
          <reporter-output>
          </reporter-output>
        </test-method> <!-- elementsUi -->
      </class> <!-- qaclickacademy.SeleniunTest -->
    </test> <!-- Test -->
  </suite> <!-- Suite -->
</testng-results>
